make all --print-data-base --no-builtin-variables --no-builtin-rules --question
# GNU Make 4.3
# Built for x86_64-pc-linux-gnu
# Copyright (C) 1988-2020 Free Software Foundation, Inc.
# License GPLv3+: GNU GPL version 3 or later <http://gnu.org/licenses/gpl.html>
# This is free software: you are free to change and redistribute it.
# There is NO WARRANTY, to the extent permitted by law.

# Make data base, printed on Mon Jun  6 23:41:59 2022

# Variables

# environment
GDK_BACKEND = x11
# environment
LC_ALL = C
# environment
GNOME_SHELL_SESSION_MODE = ubuntu
# environment
SSH_AGENT_LAUNCHER = gnome-keyring
# environment
SNAP_INSTANCE_KEY = 
# environment
GJS_DEBUG_OUTPUT = stderr
# environment
VSCODE_IPC_HOOK_EXTHOST = /run/user/1000/vscode-ipc-e7cf7718-2679-4833-a092-d7e82939260f.sock
# environment
VSCODE_CWD = /home/aniketh
# default
MAKE_COMMAND := make
# environment
QT_ACCESSIBILITY = 1
# automatic
@D = $(patsubst %/,%,$(dir $@))
# environment
SNAP_INSTANCE_NAME = code
# environment
GDK_PIXBUF_MODULEDIR = /snap/code/97/usr/lib/x86_64-linux-gnu/gdk-pixbuf-2.0/2.10.0/loaders
# environment
VSCODE_HANDLES_UNCAUGHT_ERRORS = true
# default
.VARIABLES := 
# environment
PWD = /home/aniketh/Desktop/Comp4/ps3b
# automatic
%D = $(patsubst %/,%,$(dir $%))
# environment
XDG_DATA_DIRS = /usr/share/ubuntu:/usr/local/share/:/usr/share/:/var/lib/snapd/desktop
# automatic
^D = $(patsubst %/,%,$(dir $^))
# environment
VSCODE_LOG_STACK = false
# automatic
%F = $(notdir $%)
# environment
VSCODE_CODE_CACHE_PATH = /home/aniketh/.config/Code/CachedData/c3511e6c69bb39013c4a4b7b9566ec1ca73fc4d5
# environment
LANG = C
# environment
XAUTHORITY = /run/user/1000/.mutter-Xwaylandauth.FB11M1
# default
.LOADED := 
# default
.INCLUDE_DIRS = /usr/local/include /usr/include /usr/include
# makefile
MAKEFLAGS = pqrR
# makefile
CURDIR := /home/aniketh/Desktop/Comp4/ps3b
# environment
VSCODE_PIPE_LOGGING = true
# environment
APPLICATION_INSIGHTS_NO_DIAGNOSTIC_CHANNEL = true
# environment
LESSOPEN = | /usr/bin/lesspipe %s
# automatic
*D = $(patsubst %/,%,$(dir $*))
# environment
MFLAGS = -pqrR
# environment
SSH_AUTH_SOCK = /run/user/1000/keyring/ssh
# default
.SHELLFLAGS := -c
# environment
WAYLAND_DISPLAY = wayland-0
# environment
XDG_CONFIG_DIRS = /etc/xdg/xdg-ubuntu:/etc/xdg
# automatic
+D = $(patsubst %/,%,$(dir $+))
# environment
XDG_SESSION_DESKTOP = ubuntu
# makefile (from 'Makefile', line 1)
MAKEFILE_LIST := Makefile
# environment
SNAP_REEXEC = 
# automatic
@F = $(notdir $@)
# environment
VSCODE_VERBOSE_LOGGING = true
# environment
VSCODE_PID = 19986
# environment
XDG_SESSION_TYPE = wayland
# automatic
?D = $(patsubst %/,%,$(dir $?))
# makefile (from 'Makefile', line 2)
LSFML = -lsfml-graphics -lsfml-audio -lsfml-window -lsfml-system
# environment
BAMF_DESKTOP_FILE_HINT = /var/lib/snapd/desktop/applications/code_code.desktop
# makefile (from 'Makefile', line 3)
FLAGS = -g -Wall -ansi -pedantic -std=c++14
# environment
SESSION_MANAGER = local/aniketh-VirtualBox:@/tmp/.ICE-unix/1018,unix/aniketh-VirtualBox:/tmp/.ICE-unix/1018
# automatic
*F = $(notdir $*)
# environment
CHROME_DESKTOP = code-url-handler.desktop
# environment
DBUS_SESSION_BUS_ADDRESS = unix:path=/run/user/1000/bus
# automatic
<D = $(patsubst %/,%,$(dir $<))
# environment
VSCODE_NLS_CONFIG = {"locale":"en-us","availableLanguages":{},"_languagePackSupport":true}
# default
MAKE_HOST := x86_64-pc-linux-gnu
# environment
GNOME_DESKTOP_SESSION_ID = this-is-deprecated
# makefile
SHELL = /bin/sh
# default
MAKECMDGOALS := all
# environment
XMODIFIERS = @im=ibus
# environment
GJS_DEBUG_TOPICS = JS ERROR;JS LOG
# environment
SHLVL = 0
# environment
MAKELEVEL := 0
# environment
IM_CONFIG_CHECK_ENV = 1
# default
MAKE = $(MAKE_COMMAND)
# environment
SNAP_COOKIE = VtRw0yvGqgh2LUSEXxDK7I8CqsdH4EinKXTFIskc_tYxxd9idVLn
# environment
PATH = /home/aniketh/.local/bin:/home/aniketh/.local/bin:/usr/local/sbin:/usr/local/bin:/usr/sbin:/usr/bin:/sbin:/bin:/usr/games:/usr/local/games:/snap/bin:/snap/bin
# default
MAKEFILES := 
# automatic
^F = $(notdir $^)
# environment
SNAP_USER_COMMON = /home/aniketh/snap/code/common
# environment
SNAP = /snap/code/97
# environment
INVOCATION_ID = 97495d6a964c422294ec81f22d417836
# environment
SNAP_REVISION = 97
# environment
SNAP_REAL_HOME = /home/aniketh
# environment
VSCODE_LOG_NATIVE = false
# environment
USERNAME = aniketh
# environment
GNOME_SETUP_DISPLAY = :1
# environment
LESSCLOSE = /usr/bin/lesspipe %s %s
# automatic
?F = $(notdir $?)
# makefile (from 'Makefile', line 4)
Ofile = main.o Universe.o CelestialBody.o
# environment
XDG_CURRENT_DESKTOP = Unity
# environment
LS_COLORS = 
# automatic
+F = $(notdir $+)
# environment
DESKTOP_SESSION = ubuntu
# environment
ORIGINAL_XDG_CURRENT_DESKTOP = ubuntu:GNOME
# 'override' directive
GNUMAKEFLAGS := 
# environment
LOGNAME = aniketh
# environment
GIO_LAUNCHED_DESKTOP_FILE = /var/lib/snapd/desktop/applications/code_code.desktop
# environment
SNAP_ARCH = amd64
# makefile
.DEFAULT_GOAL := lint
# environment
SYSTEMD_EXEC_PID = 1041
# environment
DISPLAY = :0
# environment
USER = aniketh
# environment
GTK_MODULES = gail:atk-bridge
# default
MAKE_VERSION := 4.3
# environment
DISABLE_WAYLAND = 1
# environment
SNAP_DATA = /var/snap/code/97
# environment
SNAP_CONTEXT = VtRw0yvGqgh2LUSEXxDK7I8CqsdH4EinKXTFIskc_tYxxd9idVLn
# environment
MANAGERPID = 888
# makefile (from 'Makefile', line 1)
Compiler = g++
# environment
GIO_LAUNCHED_DESKTOP_FILE_PID = 19939
# environment
_ = /snap/code/97/usr/share/code/code
# environment
XDG_RUNTIME_DIR = /run/user/1000
# environment
GDK_PIXBUF_MODULE_FILE = /home/aniketh/snap/code/common/.cache/gdk-pixbuf-loaders.cache
# environment
JOURNAL_STREAM = 8:21942
# environment
XDG_SESSION_CLASS = user
# environment
VSCODE_AMD_ENTRYPOINT = vs/workbench/api/node/extensionHostProcess
# environment
HOME = /home/aniketh
# environment
QT_IM_MODULE = ibus
# environment
ELECTRON_RUN_AS_NODE = 1
# environment
VSCODE_IPC_HOOK = /run/user/1000/vscode-44369a91-1.67.2-main.sock
# environment
SNAP_NAME = code
# environment
GSETTINGS_SCHEMA_DIR = /snap/code/97/usr/share/glib-2.0/schemas
# environment
IM_CONFIG_PHASE = 1
# default
.RECIPEPREFIX := 
# automatic
<F = $(notdir $<)
# environment
SNAP_VERSION = c3511e6c
# default
SUFFIXES := 
# environment
VSCODE_CLI = 1
# environment
ELECTRON_NO_ATTACH_CONSOLE = 1
# environment
SNAP_COMMON = /var/snap/code/common
# default
.FEATURES := target-specific order-only second-expansion else-if shortest-stem undefine oneshell nocomment grouped-target extra-prereqs archives jobserver output-sync check-symlink load
# environment
SNAP_USER_DATA = /home/aniketh/snap/code/97
# environment
XDG_MENU_PREFIX = gnome-
# environment
GDMSESSION = ubuntu
# environment
SNAP_LIBRARY_PATH = /var/lib/snapd/lib/gl:/var/lib/snapd/lib/gl32:/var/lib/snapd/void
# variable set hash-table stats:
# Load=126/1024=12%, Rehash=0, Collisions=4/164=2%

# Pattern-specific Variable Values

# No pattern-specific variable values.

# Directories

# . (device 2051, inode 1454194): 24 files, no impossibilities.

# 24 files, no impossibilities in 1 directories.

# Implicit Rules

# No implicit rules.

# Files

# Not a target:
 
Universe.hpp:
#  Implicit rule search has been done.
#  Last modified 2022-06-06 23:32:32.729630724
#  File has been updated.
#  Successfully updated.

# Not a target:
Universe.cpp:
#  Implicit rule search has been done.
#  Last modified 2022-06-06 23:38:08.161882289
#  File has been updated.
#  Successfully updated.

lint: cpplint ps2b
#  Implicit rule search has not been done.
#  Modification time never checked.
#  File has not been updated.

# Not a target:
Makefile:
#  Implicit rule search has been done.
#  Last modified 2022-06-06 23:40:56.618009452
#  File has been updated.
#  Successfully updated.

clean:
#  Implicit rule search has not been done.
#  Modification time never checked.
#  File has not been updated.
#  recipe to execute (from 'Makefile', line 15):
	rm *.o
	rm NBody

CelestialBody.o: CelestialBody.cpp CelestialBody.hpp
#  Implicit rule search has not been done.
#  Last modified 2022-06-06 23:41:46.070046851
#  File has been updated.
#  Successfully updated.
#  recipe to execute (from 'Makefile', line 13):
	$(Compiler) $(FLAGS) -c CelestialBody.cpp

# Not a target:
cpplint:
#  Implicit rule search has not been done.
#  Modification time never checked.
#  File has not been updated.

# Not a target:
CelestialBody.hpp:
#  Implicit rule search has been done.
#  Last modified 2021-10-11 21:09:44
#  File has been updated.
#  Successfully updated.

# Not a target:
CelestialBody.cpp:
#  Implicit rule search has been done.
#  Last modified 2022-06-06 23:33:37.01367872
#  File has been updated.
#  Successfully updated.

# Not a target:
.DEFAULT:
#  Implicit rule search has not been done.
#  Modification time never checked.
#  File has not been updated.

all: main.o Universe.o CelestialBody.o
#  Command line target.
#  Implicit rule search has not been done.
#  Implicit/static pattern stem: ''
#  File does not exist.
#  File has been updated.
#  Needs to be updated (-q is set).
# automatic
# @ := all
# automatic
# * := 
# automatic
# < := main.o
# automatic
# + := main.o Universe.o CelestialBody.o
# automatic
# % := 
# automatic
# ^ := main.o Universe.o CelestialBody.o
# automatic
# ? := main.o Universe.o CelestialBody.o
# automatic
# | := 
# variable set hash-table stats:
# Load=8/32=25%, Rehash=0, Collisions=5/15=33%
#  recipe to execute (from 'Makefile', line 7):
	$(Compiler) $(FLAGS) -o NBody $(Ofile) $(LSFML)

# Not a target:
main.cpp:
#  Implicit rule search has been done.
#  Last modified 2022-06-06 23:32:23.857624105
#  File has been updated.
#  Successfully updated.

Universe.o: Universe.cpp Universe.hpp
#  Implicit rule search has not been done.
#  Last modified 2022-06-06 23:41:45.410046351
#  File has been updated.
#  Successfully updated.
#  recipe to execute (from 'Makefile', line 11):
	$(Compiler) $(FLAGS) -c Universe.cpp

main.o: main.cpp
#  Implicit rule search has not been done.
#  Last modified 2022-06-06 23:41:44.630045761
#  File has been updated.
#  Successfully updated.
#  recipe to execute (from 'Makefile', line 9):
	$(Compiler) $(FLAGS) -c main.cpp

# Not a target:
ps2b:
#  Implicit rule search has not been done.
#  Modification time never checked.
#  File has not been updated.

# Not a target:
.SUFFIXES:
#  Implicit rule search has not been done.
#  Modification time never checked.
#  File has not been updated.

# files hash-table stats:
# Load=16/1024=2%, Rehash=0, Collisions=1/41=2%
# VPATH Search Paths

# No 'vpath' search paths.

# No general ('VPATH' variable) search path.

# strcache buffers: 1 (0) / strings = 33 / storage = 329 B / avg = 9 B
# current buf: size = 8162 B / used = 329 B / count = 33 / avg = 9 B

# strcache performance: lookups = 56 / hit rate = 41%
# hash-table stats:
# Load=33/8192=0%, Rehash=0, Collisions=0/56=0%
# Finished Make data base on Mon Jun  6 23:41:59 2022

 
